2024-09-18 02:04:40.360 [info] Getting Manifest... ms-python.python
2024-09-18 02:04:40.374 [info] Installing extension: ms-python.python {"isMachineScoped":false,"installPreReleaseVersion":false,"pinned":false,"profileLocation":{"$mid":1,"external":"vscode-userdata:/home/sh/.vscode-oss/extensions/extensions.json","path":"/home/sh/.vscode-oss/extensions/extensions.json","scheme":"vscode-userdata"},"installOnlyNewlyAddedFromExtensionPack":true,"isApplicationScoped":false,"productVersion":{"version":"1.91.1","date":"2024-07-16T08:23:01.341Z"}}
2024-09-18 02:04:41.698 [info] Getting Manifest... ms-python.vscode-pylance
2024-09-18 02:04:42.616 [info] Getting Manifest... ms-python.debugpy
2024-09-18 02:04:42.710 [info] Installing extension: ms-python.vscode-pylance {"isMachineScoped":false,"installPreReleaseVersion":false,"pinned":false,"profileLocation":{"$mid":1,"external":"vscode-userdata:/home/sh/.vscode-oss/extensions/extensions.json","path":"/home/sh/.vscode-oss/extensions/extensions.json","scheme":"vscode-userdata"},"installOnlyNewlyAddedFromExtensionPack":true,"isApplicationScoped":false,"productVersion":{"version":"1.91.1","date":"2024-07-16T08:23:01.341Z"},"context":{"dependecyOrPackExtensionInstall":true}}
2024-09-18 02:04:42.710 [info] Installing extension: ms-python.debugpy {"isMachineScoped":false,"installPreReleaseVersion":false,"pinned":false,"profileLocation":{"$mid":1,"external":"vscode-userdata:/home/sh/.vscode-oss/extensions/extensions.json","path":"/home/sh/.vscode-oss/extensions/extensions.json","scheme":"vscode-userdata"},"installOnlyNewlyAddedFromExtensionPack":true,"isApplicationScoped":false,"productVersion":{"version":"1.91.1","date":"2024-07-16T08:23:01.341Z"},"context":{"dependecyOrPackExtensionInstall":true}}
2024-09-18 02:04:45.878 [info] Getting Manifest... ms-vscode.cpptools
2024-09-18 02:04:45.887 [info] Installing extension: ms-vscode.cpptools {"isMachineScoped":false,"installPreReleaseVersion":false,"pinned":false,"profileLocation":{"$mid":1,"external":"vscode-userdata:/home/sh/.vscode-oss/extensions/extensions.json","path":"/home/sh/.vscode-oss/extensions/extensions.json","scheme":"vscode-userdata"},"installOnlyNewlyAddedFromExtensionPack":true,"isApplicationScoped":false,"productVersion":{"version":"1.91.1","date":"2024-07-16T08:23:01.341Z"}}
2024-09-18 02:04:56.402 [error] Could not load vsce-sign module Cannot find module '@vscode/vsce-sign'
Require stack:
- /usr/lib/code-oss/resources/app/out/bootstrap-amd.js
- /usr/lib/code-oss/resources/app/out/bootstrap-fork.js
- 
2024-09-18 02:04:56.403 [info] Extension signature verification is not done: ms-python.debugpy
2024-09-18 02:04:56.753 [info] Extracted extension to file:///home/sh/.vscode-oss/extensions/ms-python.debugpy-2024.8.0-linux-x64: ms-python.debugpy
2024-09-18 02:04:56.763 [info] Renamed to /home/sh/.vscode-oss/extensions/ms-python.debugpy-2024.8.0-linux-x64
2024-09-18 02:04:56.848 [error] [uncaught exception in sharedProcess]: Error: ENOENT: no such file or directory, stat '/home/sh/.vscode-oss/extensions/extensions.json.vsctmp': EntryNotFound (FileSystemError): Error: ENOENT: no such file or directory, stat '/home/sh/.vscode-oss/extensions/extensions.json.vsctmp'
    at h.create (/usr/lib/code-oss/resources/app/out/vs/code/node/sharedProcess/sharedProcessMain.js:54:19262)
    at f (/usr/lib/code-oss/resources/app/out/vs/code/node/sharedProcess/sharedProcessMain.js:54:19372)
    at P.hb (/usr/lib/code-oss/resources/app/out/vs/code/node/sharedProcess/sharedProcessMain.js:59:36571)
    at P.stat (/usr/lib/code-oss/resources/app/out/vs/code/node/sharedProcess/sharedProcessMain.js:59:28919)
    at async s.stat (/usr/lib/code-oss/resources/app/out/vs/code/node/sharedProcess/sharedProcessMain.js:59:14907)
    at async V.vb (/usr/lib/code-oss/resources/app/out/vs/code/node/sharedProcess/sharedProcessMain.js:105:119283)
2024-09-18 02:04:58.780 [error] Could not load vsce-sign module Cannot find module '@vscode/vsce-sign'
Require stack:
- /usr/lib/code-oss/resources/app/out/bootstrap-amd.js
- /usr/lib/code-oss/resources/app/out/bootstrap-fork.js
- 
2024-09-18 02:04:58.781 [info] Extension signature verification is not done: ms-python.python
2024-09-18 02:05:00.086 [info] Extracted extension to file:///home/sh/.vscode-oss/extensions/ms-python.python-2024.14.1-linux-x64: ms-python.python
2024-09-18 02:05:00.102 [info] Renamed to /home/sh/.vscode-oss/extensions/ms-python.python-2024.14.1-linux-x64
2024-09-18 02:05:00.192 [error] [uncaught exception in sharedProcess]: Error: ENOENT: no such file or directory, stat '/home/sh/.vscode-oss/extensions/extensions.json.vsctmp': EntryNotFound (FileSystemError): Error: ENOENT: no such file or directory, stat '/home/sh/.vscode-oss/extensions/extensions.json.vsctmp'
    at h.create (/usr/lib/code-oss/resources/app/out/vs/code/node/sharedProcess/sharedProcessMain.js:54:19262)
    at f (/usr/lib/code-oss/resources/app/out/vs/code/node/sharedProcess/sharedProcessMain.js:54:19372)
    at P.hb (/usr/lib/code-oss/resources/app/out/vs/code/node/sharedProcess/sharedProcessMain.js:59:36571)
    at P.stat (/usr/lib/code-oss/resources/app/out/vs/code/node/sharedProcess/sharedProcessMain.js:59:28919)
    at async s.stat (/usr/lib/code-oss/resources/app/out/vs/code/node/sharedProcess/sharedProcessMain.js:59:14907)
    at async V.vb (/usr/lib/code-oss/resources/app/out/vs/code/node/sharedProcess/sharedProcessMain.js:105:119283)
2024-09-18 02:05:01.442 [error] Could not load vsce-sign module Cannot find module '@vscode/vsce-sign'
Require stack:
- /usr/lib/code-oss/resources/app/out/bootstrap-amd.js
- /usr/lib/code-oss/resources/app/out/bootstrap-fork.js
- 
2024-09-18 02:05:01.443 [info] Extension signature verification is not done: ms-python.vscode-pylance
2024-09-18 02:05:04.378 [info] Extracted extension to file:///home/sh/.vscode-oss/extensions/ms-python.vscode-pylance-2024.9.1: ms-python.vscode-pylance
2024-09-18 02:05:04.398 [info] Renamed to /home/sh/.vscode-oss/extensions/ms-python.vscode-pylance-2024.9.1
2024-09-18 02:05:04.423 [info] Extension installed successfully: ms-python.debugpy vscode-userdata:/home/sh/.vscode-oss/extensions/extensions.json
2024-09-18 02:05:04.423 [info] Extension installed successfully: ms-python.python vscode-userdata:/home/sh/.vscode-oss/extensions/extensions.json
2024-09-18 02:05:04.423 [info] Extension installed successfully: ms-python.vscode-pylance vscode-userdata:/home/sh/.vscode-oss/extensions/extensions.json
2024-09-18 02:05:04.485 [error] [uncaught exception in sharedProcess]: Error: ENOENT: no such file or directory, stat '/home/sh/.vscode-oss/extensions/extensions.json.vsctmp': EntryNotFound (FileSystemError): Error: ENOENT: no such file or directory, stat '/home/sh/.vscode-oss/extensions/extensions.json.vsctmp'
    at h.create (/usr/lib/code-oss/resources/app/out/vs/code/node/sharedProcess/sharedProcessMain.js:54:19262)
    at f (/usr/lib/code-oss/resources/app/out/vs/code/node/sharedProcess/sharedProcessMain.js:54:19372)
    at P.hb (/usr/lib/code-oss/resources/app/out/vs/code/node/sharedProcess/sharedProcessMain.js:59:36571)
    at P.stat (/usr/lib/code-oss/resources/app/out/vs/code/node/sharedProcess/sharedProcessMain.js:59:28919)
    at async s.stat (/usr/lib/code-oss/resources/app/out/vs/code/node/sharedProcess/sharedProcessMain.js:59:14907)
    at async V.vb (/usr/lib/code-oss/resources/app/out/vs/code/node/sharedProcess/sharedProcessMain.js:105:119283)
2024-09-18 02:05:48.228 [error] Could not load vsce-sign module Cannot find module '@vscode/vsce-sign'
Require stack:
- /usr/lib/code-oss/resources/app/out/bootstrap-amd.js
- /usr/lib/code-oss/resources/app/out/bootstrap-fork.js
- 
2024-09-18 02:05:48.229 [info] Extension signature verification is not done: ms-vscode.cpptools
2024-09-18 02:05:50.285 [info] Extracted extension to file:///home/sh/.vscode-oss/extensions/ms-vscode.cpptools-1.21.6-linux-x64: ms-vscode.cpptools
2024-09-18 02:05:50.300 [info] Renamed to /home/sh/.vscode-oss/extensions/ms-vscode.cpptools-1.21.6-linux-x64
2024-09-18 02:05:50.347 [info] Extension installed successfully: ms-vscode.cpptools vscode-userdata:/home/sh/.vscode-oss/extensions/extensions.json
2024-09-18 02:05:50.396 [error] [uncaught exception in sharedProcess]: Error: ENOENT: no such file or directory, stat '/home/sh/.vscode-oss/extensions/extensions.json.vsctmp': EntryNotFound (FileSystemError): Error: ENOENT: no such file or directory, stat '/home/sh/.vscode-oss/extensions/extensions.json.vsctmp'
    at h.create (/usr/lib/code-oss/resources/app/out/vs/code/node/sharedProcess/sharedProcessMain.js:54:19262)
    at f (/usr/lib/code-oss/resources/app/out/vs/code/node/sharedProcess/sharedProcessMain.js:54:19372)
    at P.hb (/usr/lib/code-oss/resources/app/out/vs/code/node/sharedProcess/sharedProcessMain.js:59:36571)
    at P.stat (/usr/lib/code-oss/resources/app/out/vs/code/node/sharedProcess/sharedProcessMain.js:59:28919)
    at async s.stat (/usr/lib/code-oss/resources/app/out/vs/code/node/sharedProcess/sharedProcessMain.js:59:14907)
    at async V.vb (/usr/lib/code-oss/resources/app/out/vs/code/node/sharedProcess/sharedProcessMain.js:105:119283)
2024-09-18 02:06:09.680 [info] Getting Manifest... mhutchie.git-graph
2024-09-18 02:06:09.688 [info] Installing extension: mhutchie.git-graph {"isMachineScoped":false,"installPreReleaseVersion":false,"pinned":false,"profileLocation":{"$mid":1,"external":"vscode-userdata:/home/sh/.vscode-oss/extensions/extensions.json","path":"/home/sh/.vscode-oss/extensions/extensions.json","scheme":"vscode-userdata"},"installOnlyNewlyAddedFromExtensionPack":true,"isApplicationScoped":false,"productVersion":{"version":"1.91.1","date":"2024-07-16T08:23:01.341Z"}}
2024-09-18 02:06:10.539 [error] Could not load vsce-sign module Cannot find module '@vscode/vsce-sign'
Require stack:
- /usr/lib/code-oss/resources/app/out/bootstrap-amd.js
- /usr/lib/code-oss/resources/app/out/bootstrap-fork.js
- 
2024-09-18 02:06:10.540 [info] Extension signature verification is not done: mhutchie.git-graph
2024-09-18 02:06:10.592 [info] Extracted extension to file:///home/sh/.vscode-oss/extensions/mhutchie.git-graph-1.30.0: mhutchie.git-graph
2024-09-18 02:06:10.602 [info] Renamed to /home/sh/.vscode-oss/extensions/mhutchie.git-graph-1.30.0
2024-09-18 02:06:10.645 [info] Extension installed successfully: mhutchie.git-graph vscode-userdata:/home/sh/.vscode-oss/extensions/extensions.json
2024-09-18 02:06:10.685 [error] [uncaught exception in sharedProcess]: Error: ENOENT: no such file or directory, stat '/home/sh/.vscode-oss/extensions/extensions.json.vsctmp': EntryNotFound (FileSystemError): Error: ENOENT: no such file or directory, stat '/home/sh/.vscode-oss/extensions/extensions.json.vsctmp'
    at h.create (/usr/lib/code-oss/resources/app/out/vs/code/node/sharedProcess/sharedProcessMain.js:54:19262)
    at f (/usr/lib/code-oss/resources/app/out/vs/code/node/sharedProcess/sharedProcessMain.js:54:19372)
    at P.hb (/usr/lib/code-oss/resources/app/out/vs/code/node/sharedProcess/sharedProcessMain.js:59:36571)
    at P.stat (/usr/lib/code-oss/resources/app/out/vs/code/node/sharedProcess/sharedProcessMain.js:59:28919)
    at async s.stat (/usr/lib/code-oss/resources/app/out/vs/code/node/sharedProcess/sharedProcessMain.js:59:14907)
    at async V.vb (/usr/lib/code-oss/resources/app/out/vs/code/node/sharedProcess/sharedProcessMain.js:105:119283)
2024-09-18 02:07:04.526 [info] Getting Manifest... ms-azuretools.vscode-docker
2024-09-18 02:07:04.535 [info] Installing extension: ms-azuretools.vscode-docker {"isMachineScoped":false,"installPreReleaseVersion":false,"pinned":false,"profileLocation":{"$mid":1,"external":"vscode-userdata:/home/sh/.vscode-oss/extensions/extensions.json","path":"/home/sh/.vscode-oss/extensions/extensions.json","scheme":"vscode-userdata"},"installOnlyNewlyAddedFromExtensionPack":true,"isApplicationScoped":false,"productVersion":{"version":"1.91.1","date":"2024-07-16T08:23:01.341Z"}}
2024-09-18 02:07:06.375 [error] Could not load vsce-sign module Cannot find module '@vscode/vsce-sign'
Require stack:
- /usr/lib/code-oss/resources/app/out/bootstrap-amd.js
- /usr/lib/code-oss/resources/app/out/bootstrap-fork.js
- 
2024-09-18 02:07:06.375 [info] Extension signature verification is not done: ms-azuretools.vscode-docker
2024-09-18 02:07:06.442 [info] Extracted extension to file:///home/sh/.vscode-oss/extensions/ms-azuretools.vscode-docker-1.29.2: ms-azuretools.vscode-docker
2024-09-18 02:07:06.452 [info] Renamed to /home/sh/.vscode-oss/extensions/ms-azuretools.vscode-docker-1.29.2
2024-09-18 02:07:06.498 [info] Extension installed successfully: ms-azuretools.vscode-docker vscode-userdata:/home/sh/.vscode-oss/extensions/extensions.json
2024-09-18 02:07:06.542 [error] [uncaught exception in sharedProcess]: Error: ENOENT: no such file or directory, stat '/home/sh/.vscode-oss/extensions/extensions.json.vsctmp': EntryNotFound (FileSystemError): Error: ENOENT: no such file or directory, stat '/home/sh/.vscode-oss/extensions/extensions.json.vsctmp'
    at h.create (/usr/lib/code-oss/resources/app/out/vs/code/node/sharedProcess/sharedProcessMain.js:54:19262)
    at f (/usr/lib/code-oss/resources/app/out/vs/code/node/sharedProcess/sharedProcessMain.js:54:19372)
    at P.hb (/usr/lib/code-oss/resources/app/out/vs/code/node/sharedProcess/sharedProcessMain.js:59:36571)
    at P.stat (/usr/lib/code-oss/resources/app/out/vs/code/node/sharedProcess/sharedProcessMain.js:59:28919)
    at async s.stat (/usr/lib/code-oss/resources/app/out/vs/code/node/sharedProcess/sharedProcessMain.js:59:14907)
    at async V.vb (/usr/lib/code-oss/resources/app/out/vs/code/node/sharedProcess/sharedProcessMain.js:105:119283)
2024-09-18 02:07:16.348 [info] Getting Manifest... vscode-icons-team.vscode-icons
2024-09-18 02:07:16.356 [info] Installing extension: vscode-icons-team.vscode-icons {"isMachineScoped":false,"installPreReleaseVersion":false,"pinned":false,"profileLocation":{"$mid":1,"external":"vscode-userdata:/home/sh/.vscode-oss/extensions/extensions.json","path":"/home/sh/.vscode-oss/extensions/extensions.json","scheme":"vscode-userdata"},"installOnlyNewlyAddedFromExtensionPack":true,"isApplicationScoped":false,"productVersion":{"version":"1.91.1","date":"2024-07-16T08:23:01.341Z"}}
2024-09-18 02:07:19.890 [error] Could not load vsce-sign module Cannot find module '@vscode/vsce-sign'
Require stack:
- /usr/lib/code-oss/resources/app/out/bootstrap-amd.js
- /usr/lib/code-oss/resources/app/out/bootstrap-fork.js
- 
2024-09-18 02:07:19.890 [info] Extension signature verification is not done: vscode-icons-team.vscode-icons
2024-09-18 02:07:20.412 [info] Extracted extension to file:///home/sh/.vscode-oss/extensions/vscode-icons-team.vscode-icons-12.9.0: vscode-icons-team.vscode-icons
2024-09-18 02:07:20.422 [info] Renamed to /home/sh/.vscode-oss/extensions/vscode-icons-team.vscode-icons-12.9.0
2024-09-18 02:07:20.463 [info] Extension installed successfully: vscode-icons-team.vscode-icons vscode-userdata:/home/sh/.vscode-oss/extensions/extensions.json
2024-09-18 02:07:20.502 [error] [uncaught exception in sharedProcess]: Error: ENOENT: no such file or directory, stat '/home/sh/.vscode-oss/extensions/extensions.json.vsctmp': EntryNotFound (FileSystemError): Error: ENOENT: no such file or directory, stat '/home/sh/.vscode-oss/extensions/extensions.json.vsctmp'
    at h.create (/usr/lib/code-oss/resources/app/out/vs/code/node/sharedProcess/sharedProcessMain.js:54:19262)
    at f (/usr/lib/code-oss/resources/app/out/vs/code/node/sharedProcess/sharedProcessMain.js:54:19372)
    at P.hb (/usr/lib/code-oss/resources/app/out/vs/code/node/sharedProcess/sharedProcessMain.js:59:36571)
    at P.stat (/usr/lib/code-oss/resources/app/out/vs/code/node/sharedProcess/sharedProcessMain.js:59:28919)
    at async s.stat (/usr/lib/code-oss/resources/app/out/vs/code/node/sharedProcess/sharedProcessMain.js:59:14907)
    at async V.vb (/usr/lib/code-oss/resources/app/out/vs/code/node/sharedProcess/sharedProcessMain.js:105:119283)
2024-09-18 02:08:31.834 [info] Getting Manifest... formulahendry.code-runner
2024-09-18 02:08:31.844 [info] Installing extension: formulahendry.code-runner {"isMachineScoped":false,"installPreReleaseVersion":false,"pinned":false,"profileLocation":{"$mid":1,"external":"vscode-userdata:/home/sh/.vscode-oss/extensions/extensions.json","path":"/home/sh/.vscode-oss/extensions/extensions.json","scheme":"vscode-userdata"},"installOnlyNewlyAddedFromExtensionPack":true,"isApplicationScoped":false,"productVersion":{"version":"1.91.1","date":"2024-07-16T08:23:01.341Z"}}
2024-09-18 02:08:37.797 [error] Could not load vsce-sign module Cannot find module '@vscode/vsce-sign'
Require stack:
- /usr/lib/code-oss/resources/app/out/bootstrap-amd.js
- /usr/lib/code-oss/resources/app/out/bootstrap-fork.js
- 
2024-09-18 02:08:37.797 [info] Extension signature verification is not done: formulahendry.code-runner
2024-09-18 02:08:37.865 [info] Extracted extension to file:///home/sh/.vscode-oss/extensions/formulahendry.code-runner-0.12.2: formulahendry.code-runner
2024-09-18 02:08:37.873 [info] Renamed to /home/sh/.vscode-oss/extensions/formulahendry.code-runner-0.12.2
2024-09-18 02:08:37.910 [info] Extension installed successfully: formulahendry.code-runner vscode-userdata:/home/sh/.vscode-oss/extensions/extensions.json
2024-09-18 02:08:37.952 [error] [uncaught exception in sharedProcess]: Error: ENOENT: no such file or directory, stat '/home/sh/.vscode-oss/extensions/extensions.json.vsctmp': EntryNotFound (FileSystemError): Error: ENOENT: no such file or directory, stat '/home/sh/.vscode-oss/extensions/extensions.json.vsctmp'
    at h.create (/usr/lib/code-oss/resources/app/out/vs/code/node/sharedProcess/sharedProcessMain.js:54:19262)
    at f (/usr/lib/code-oss/resources/app/out/vs/code/node/sharedProcess/sharedProcessMain.js:54:19372)
    at P.hb (/usr/lib/code-oss/resources/app/out/vs/code/node/sharedProcess/sharedProcessMain.js:59:36571)
    at P.stat (/usr/lib/code-oss/resources/app/out/vs/code/node/sharedProcess/sharedProcessMain.js:59:28919)
    at async s.stat (/usr/lib/code-oss/resources/app/out/vs/code/node/sharedProcess/sharedProcessMain.js:59:14907)
    at async V.vb (/usr/lib/code-oss/resources/app/out/vs/code/node/sharedProcess/sharedProcessMain.js:105:119283)
2024-09-18 02:09:55.093 [info] Getting Manifest... naumovs.color-highlight
2024-09-18 02:09:55.101 [info] Installing extension: naumovs.color-highlight {"isMachineScoped":false,"installPreReleaseVersion":false,"pinned":false,"profileLocation":{"$mid":1,"external":"vscode-userdata:/home/sh/.vscode-oss/extensions/extensions.json","path":"/home/sh/.vscode-oss/extensions/extensions.json","scheme":"vscode-userdata"},"installOnlyNewlyAddedFromExtensionPack":true,"isApplicationScoped":false,"productVersion":{"version":"1.91.1","date":"2024-07-16T08:23:01.341Z"}}
2024-09-18 02:09:55.712 [error] Could not load vsce-sign module Cannot find module '@vscode/vsce-sign'
Require stack:
- /usr/lib/code-oss/resources/app/out/bootstrap-amd.js
- /usr/lib/code-oss/resources/app/out/bootstrap-fork.js
- 
2024-09-18 02:09:55.712 [info] Extension signature verification is not done: naumovs.color-highlight
2024-09-18 02:09:55.860 [info] Extracted extension to file:///home/sh/.vscode-oss/extensions/naumovs.color-highlight-2.8.0: naumovs.color-highlight
2024-09-18 02:09:55.868 [info] Renamed to /home/sh/.vscode-oss/extensions/naumovs.color-highlight-2.8.0
2024-09-18 02:09:55.894 [error] [uncaught exception in sharedProcess]: Error: ENOENT: no such file or directory, stat '/home/sh/.vscode-oss/extensions/extensions.json.vsctmp': EntryNotFound (FileSystemError): Error: ENOENT: no such file or directory, stat '/home/sh/.vscode-oss/extensions/extensions.json.vsctmp'
    at h.create (/usr/lib/code-oss/resources/app/out/vs/code/node/sharedProcess/sharedProcessMain.js:54:19262)
    at f (/usr/lib/code-oss/resources/app/out/vs/code/node/sharedProcess/sharedProcessMain.js:54:19372)
    at P.hb (/usr/lib/code-oss/resources/app/out/vs/code/node/sharedProcess/sharedProcessMain.js:59:36571)
    at P.stat (/usr/lib/code-oss/resources/app/out/vs/code/node/sharedProcess/sharedProcessMain.js:59:28919)
    at async s.stat (/usr/lib/code-oss/resources/app/out/vs/code/node/sharedProcess/sharedProcessMain.js:59:14907)
    at async V.vb (/usr/lib/code-oss/resources/app/out/vs/code/node/sharedProcess/sharedProcessMain.js:105:119283)
2024-09-18 02:09:55.895 [info] Extension installed successfully: naumovs.color-highlight vscode-userdata:/home/sh/.vscode-oss/extensions/extensions.json
2024-09-18 02:10:04.450 [info] Getting Manifest... vadimcn.vscode-lldb
2024-09-18 02:10:04.460 [info] Installing extension: vadimcn.vscode-lldb {"isMachineScoped":false,"installPreReleaseVersion":false,"pinned":false,"profileLocation":{"$mid":1,"external":"vscode-userdata:/home/sh/.vscode-oss/extensions/extensions.json","path":"/home/sh/.vscode-oss/extensions/extensions.json","scheme":"vscode-userdata"},"installOnlyNewlyAddedFromExtensionPack":true,"isApplicationScoped":false,"productVersion":{"version":"1.91.1","date":"2024-07-16T08:23:01.341Z"}}
2024-09-18 02:10:05.130 [error] Could not load vsce-sign module Cannot find module '@vscode/vsce-sign'
Require stack:
- /usr/lib/code-oss/resources/app/out/bootstrap-amd.js
- /usr/lib/code-oss/resources/app/out/bootstrap-fork.js
- 
2024-09-18 02:10:05.130 [info] Extension signature verification is not done: vadimcn.vscode-lldb
2024-09-18 02:10:05.137 [info] Extracted extension to file:///home/sh/.vscode-oss/extensions/vadimcn.vscode-lldb-1.10.0: vadimcn.vscode-lldb
2024-09-18 02:10:05.145 [info] Renamed to /home/sh/.vscode-oss/extensions/vadimcn.vscode-lldb-1.10.0
2024-09-18 02:10:05.187 [info] Extension installed successfully: vadimcn.vscode-lldb vscode-userdata:/home/sh/.vscode-oss/extensions/extensions.json
2024-09-18 02:10:05.228 [error] [uncaught exception in sharedProcess]: Error: ENOENT: no such file or directory, stat '/home/sh/.vscode-oss/extensions/extensions.json.vsctmp': EntryNotFound (FileSystemError): Error: ENOENT: no such file or directory, stat '/home/sh/.vscode-oss/extensions/extensions.json.vsctmp'
    at h.create (/usr/lib/code-oss/resources/app/out/vs/code/node/sharedProcess/sharedProcessMain.js:54:19262)
    at f (/usr/lib/code-oss/resources/app/out/vs/code/node/sharedProcess/sharedProcessMain.js:54:19372)
    at P.hb (/usr/lib/code-oss/resources/app/out/vs/code/node/sharedProcess/sharedProcessMain.js:59:36571)
    at P.stat (/usr/lib/code-oss/resources/app/out/vs/code/node/sharedProcess/sharedProcessMain.js:59:28919)
    at async s.stat (/usr/lib/code-oss/resources/app/out/vs/code/node/sharedProcess/sharedProcessMain.js:59:14907)
    at async V.vb (/usr/lib/code-oss/resources/app/out/vs/code/node/sharedProcess/sharedProcessMain.js:105:119283)
2024-09-18 03:17:56.907 [info] Getting Manifest... shan.code-settings-sync
2024-09-18 03:17:56.915 [info] Installing extension: shan.code-settings-sync {"isMachineScoped":false,"installPreReleaseVersion":false,"pinned":false,"profileLocation":{"$mid":1,"external":"vscode-userdata:/home/sh/.vscode-oss/extensions/extensions.json","path":"/home/sh/.vscode-oss/extensions/extensions.json","scheme":"vscode-userdata"},"installOnlyNewlyAddedFromExtensionPack":true,"isApplicationScoped":false,"productVersion":{"version":"1.91.1","date":"2024-07-16T08:23:01.341Z"}}
2024-09-18 03:17:59.274 [error] Could not load vsce-sign module Cannot find module '@vscode/vsce-sign'
Require stack:
- /usr/lib/code-oss/resources/app/out/bootstrap-amd.js
- /usr/lib/code-oss/resources/app/out/bootstrap-fork.js
- 
2024-09-18 03:17:59.274 [info] Extension signature verification is not done: shan.code-settings-sync
2024-09-18 03:17:59.336 [info] Extracted extension to file:///home/sh/.vscode-oss/extensions/shan.code-settings-sync-3.4.3: shan.code-settings-sync
2024-09-18 03:17:59.339 [info] Renamed to /home/sh/.vscode-oss/extensions/shan.code-settings-sync-3.4.3
2024-09-18 03:17:59.371 [info] Extension installed successfully: shan.code-settings-sync vscode-userdata:/home/sh/.vscode-oss/extensions/extensions.json
2024-09-18 03:17:59.422 [error] [uncaught exception in sharedProcess]: Error: ENOENT: no such file or directory, stat '/home/sh/.vscode-oss/extensions/extensions.json.vsctmp': EntryNotFound (FileSystemError): Error: ENOENT: no such file or directory, stat '/home/sh/.vscode-oss/extensions/extensions.json.vsctmp'
    at h.create (/usr/lib/code-oss/resources/app/out/vs/code/node/sharedProcess/sharedProcessMain.js:54:19262)
    at f (/usr/lib/code-oss/resources/app/out/vs/code/node/sharedProcess/sharedProcessMain.js:54:19372)
    at P.hb (/usr/lib/code-oss/resources/app/out/vs/code/node/sharedProcess/sharedProcessMain.js:59:36571)
    at P.stat (/usr/lib/code-oss/resources/app/out/vs/code/node/sharedProcess/sharedProcessMain.js:59:28919)
    at async s.stat (/usr/lib/code-oss/resources/app/out/vs/code/node/sharedProcess/sharedProcessMain.js:59:14907)
    at async V.vb (/usr/lib/code-oss/resources/app/out/vs/code/node/sharedProcess/sharedProcessMain.js:105:119283)
2024-09-18 03:18:41.469 [info] Uninstalling extension from the profile: shan.code-settings-sync@3.4.3 vscode-userdata:/home/sh/.vscode-oss/extensions/extensions.json
2024-09-18 03:18:41.535 [info] Marked extension as uninstalled shan.code-settings-sync-3.4.3
2024-09-18 03:18:41.603 [error] [uncaught exception in sharedProcess]: Error: ENOENT: no such file or directory, stat '/home/sh/.vscode-oss/extensions/extensions.json.vsctmp': EntryNotFound (FileSystemError): Error: ENOENT: no such file or directory, stat '/home/sh/.vscode-oss/extensions/extensions.json.vsctmp'
    at h.create (/usr/lib/code-oss/resources/app/out/vs/code/node/sharedProcess/sharedProcessMain.js:54:19262)
    at f (/usr/lib/code-oss/resources/app/out/vs/code/node/sharedProcess/sharedProcessMain.js:54:19372)
    at P.hb (/usr/lib/code-oss/resources/app/out/vs/code/node/sharedProcess/sharedProcessMain.js:59:36571)
    at P.stat (/usr/lib/code-oss/resources/app/out/vs/code/node/sharedProcess/sharedProcessMain.js:59:28919)
    at async s.stat (/usr/lib/code-oss/resources/app/out/vs/code/node/sharedProcess/sharedProcessMain.js:59:14907)
    at async V.vb (/usr/lib/code-oss/resources/app/out/vs/code/node/sharedProcess/sharedProcessMain.js:105:119283)
2024-09-18 03:18:42.062 [info] Successfully uninstalled extension from the profile shan.code-settings-sync@3.4.3 vscode-userdata:/home/sh/.vscode-oss/extensions/extensions.json
2024-09-18 03:18:49.771 [info] Uninstalling extension from the profile: formulahendry.code-runner@0.12.2 vscode-userdata:/home/sh/.vscode-oss/extensions/extensions.json
2024-09-18 03:18:49.835 [info] Marked extension as uninstalled formulahendry.code-runner-0.12.2
2024-09-18 03:18:49.901 [error] [uncaught exception in sharedProcess]: Error: ENOENT: no such file or directory, stat '/home/sh/.vscode-oss/extensions/extensions.json.vsctmp': EntryNotFound (FileSystemError): Error: ENOENT: no such file or directory, stat '/home/sh/.vscode-oss/extensions/extensions.json.vsctmp'
    at h.create (/usr/lib/code-oss/resources/app/out/vs/code/node/sharedProcess/sharedProcessMain.js:54:19262)
    at f (/usr/lib/code-oss/resources/app/out/vs/code/node/sharedProcess/sharedProcessMain.js:54:19372)
    at P.hb (/usr/lib/code-oss/resources/app/out/vs/code/node/sharedProcess/sharedProcessMain.js:59:36571)
    at P.stat (/usr/lib/code-oss/resources/app/out/vs/code/node/sharedProcess/sharedProcessMain.js:59:28919)
    at async s.stat (/usr/lib/code-oss/resources/app/out/vs/code/node/sharedProcess/sharedProcessMain.js:59:14907)
    at async V.vb (/usr/lib/code-oss/resources/app/out/vs/code/node/sharedProcess/sharedProcessMain.js:105:119283)
2024-09-18 03:18:50.207 [info] Successfully uninstalled extension from the profile formulahendry.code-runner@0.12.2 vscode-userdata:/home/sh/.vscode-oss/extensions/extensions.json
2024-09-18 03:18:52.287 [info] Getting Manifest... formulahendry.code-runner
2024-09-18 03:18:52.402 [info] Installing extension: formulahendry.code-runner {"isMachineScoped":false,"installPreReleaseVersion":false,"pinned":false,"productVersion":{"version":"1.91.1","date":"2024-07-16T08:23:01.341Z"},"isApplicationScoped":false,"profileLocation":{"$mid":1,"external":"vscode-userdata:/home/sh/.vscode-oss/extensions/extensions.json","path":"/home/sh/.vscode-oss/extensions/extensions.json","scheme":"vscode-userdata"},"installOnlyNewlyAddedFromExtensionPack":true}
2024-09-18 03:18:52.508 [info] Removed the extension from uninstalled list: formulahendry.code-runner
2024-09-18 03:18:52.543 [info] Extension installed successfully: formulahendry.code-runner vscode-userdata:/home/sh/.vscode-oss/extensions/extensions.json
2024-09-18 03:18:52.581 [error] [uncaught exception in sharedProcess]: Error: ENOENT: no such file or directory, stat '/home/sh/.vscode-oss/extensions/extensions.json.vsctmp': EntryNotFound (FileSystemError): Error: ENOENT: no such file or directory, stat '/home/sh/.vscode-oss/extensions/extensions.json.vsctmp'
    at h.create (/usr/lib/code-oss/resources/app/out/vs/code/node/sharedProcess/sharedProcessMain.js:54:19262)
    at f (/usr/lib/code-oss/resources/app/out/vs/code/node/sharedProcess/sharedProcessMain.js:54:19372)
    at P.hb (/usr/lib/code-oss/resources/app/out/vs/code/node/sharedProcess/sharedProcessMain.js:59:36571)
    at P.stat (/usr/lib/code-oss/resources/app/out/vs/code/node/sharedProcess/sharedProcessMain.js:59:28919)
    at async s.stat (/usr/lib/code-oss/resources/app/out/vs/code/node/sharedProcess/sharedProcessMain.js:59:14907)
    at async V.vb (/usr/lib/code-oss/resources/app/out/vs/code/node/sharedProcess/sharedProcessMain.js:105:119283)
